<?xml version="1.0" encoding="UTF-8"?>
<!-- Generated by org.testng.reporters.JUnitReportReporter -->
<testsuite hostname="MDB20LT309" failures="0" tests="2" name="selenium_project.RecorderScript" time="40.509" errors="0" timestamp="2021-09-28T11:45:44 IST" skipped="0">
  <testcase classname="selenium_project.RecorderScript" name="testParameterWithXML" time="18.470"/>
  <system-out/>
  <testcase classname="selenium_project.RecorderScript" name="testParameterWithXML" time="22.039"/>
  <system-out/>
</testsuite> <!-- selenium_project.RecorderScript -->
