<?xml version="1.0" encoding="UTF-8"?>
<!-- Generated by org.testng.reporters.JUnitReportReporter -->
<testsuite hostname="MDB20LT309" failures="0" tests="1" name="seleniumproject.Example" time="18.499" errors="0" timestamp="2021-09-22T11:28:45 IST" skipped="0">
  <testcase classname="seleniumproject.Example" name="Example" time="18.499"/>
  <system-out/>
</testsuite> <!-- seleniumproject.Example -->
