<?xml version="1.0" encoding="UTF-8"?>
<!-- Generated by org.testng.reporters.JUnitReportReporter -->
<testsuite hostname="MDB20LT309" failures="0" tests="2" name="selenium_project.CrossBrowserScript" time="151.169" errors="0" timestamp="2021-09-26T18:20:35 IST" skipped="0">
  <testcase classname="selenium_project.CrossBrowserScript" name="testParameterWithXML" time="81.247"/>
  <system-out/>
  <testcase classname="selenium_project.CrossBrowserScript" name="testParameterWithXML" time="69.922"/>
  <system-out/>
</testsuite> <!-- selenium_project.CrossBrowserScript -->
