<?xml version="1.0" encoding="UTF-8"?>
<!-- Generated by org.testng.reporters.JUnitReportReporter -->
<testsuite hostname="MDB20LT309" failures="0" tests="2" name="seleniumproject.CrossBrowserScript" time="39.571" errors="0" timestamp="2021-09-23T11:32:44 IST" skipped="0">
  <testcase classname="seleniumproject.CrossBrowserScript" name="testParameterWithXML" time="18.913"/>
  <system-out/>
  <testcase classname="seleniumproject.CrossBrowserScript" name="testParameterWithXML" time="20.658"/>
  <system-out/>
</testsuite> <!-- seleniumproject.CrossBrowserScript -->
